<?xml version="1.0" encoding="UTF-8"?>
<!-- Generated by org.testng.reporters.JUnitReportReporter -->
<testsuite hostname="IT16Z99R" name="pages.TerkwazTask.searchtest" tests="3" failures="0" timestamp="22 May 2020 23:23:33 GMT" time="23.054" errors="0">
  <testcase name="Upload" time="12.235" classname="pages.TerkwazTask.searchtest"/>
  <testcase name="dynamic" time="8.039" classname="pages.TerkwazTask.searchtest"/>
  <testcase name="searcht" time="2.780" classname="pages.TerkwazTask.searchtest"/>
</testsuite> <!-- pages.TerkwazTask.searchtest -->
